<?xml version="1.0" encoding="UTF-8"?>
<!-- Generated by org.testng.reporters.JUnitReportReporter -->
<testsuite skipped="0" hostname="datta-Lenovo-G50-80" name="commonHooks.RunCukesTest" tests="1" failures="0" timestamp="26 Dec 2017 06:26:09 GMT" time="0.031" errors="0">
  <testcase name="feature" time="0.031" classname="commonHooks.RunCukesTest"/>
</testsuite> <!-- commonHooks.RunCukesTest -->
